<?xml version="1.0" encoding="UTF-8"?>
<testng-results ignored="0" total="1" passed="1" failed="0" skipped="0">
  <reporter-output>
  </reporter-output>
  <suite started-at="2020-11-16T18:41:04 IST" name="Default suite" finished-at="2020-11-16T18:41:04 IST" duration-ms="49">
    <groups>
    </groups>
    <test started-at="2020-11-16T18:41:04 IST" name="Default test" finished-at="2020-11-16T18:41:04 IST" duration-ms="49">
      <class name="packtwo.OneTest">
        <test-method signature="happy()[pri:0, instance:packtwo.OneTest@63a65a25]" started-at="2020-11-16T18:41:04 IST" name="happy" finished-at="2020-11-16T18:41:04 IST" duration-ms="16" status="PASS">
          <reporter-output>
          </reporter-output>
        </test-method> <!-- happy -->
      </class> <!-- packtwo.OneTest -->
    </test> <!-- Default test -->
  </suite> <!-- Default suite -->
</testng-results>
