<?xml version="1.0" encoding="UTF-8"?>
<testng-results ignored="0" total="1" passed="1" failed="0" skipped="0">
  <reporter-output>
  </reporter-output>
  <suite started-at="2020-10-04T09:32:08 IST" name="Default suite" finished-at="2020-10-04T09:32:08 IST" duration-ms="43">
    <groups>
    </groups>
    <test started-at="2020-10-04T09:32:08 IST" name="Default test" finished-at="2020-10-04T09:32:08 IST" duration-ms="43">
      <class name="pp.classone">
        <test-method signature="happy()[pri:0, instance:pp.classone@12d3a4e9]" started-at="2020-10-04T09:32:08 IST" name="happy" finished-at="2020-10-04T09:32:08 IST" duration-ms="9" status="PASS">
          <reporter-output>
          </reporter-output>
        </test-method> <!-- happy -->
      </class> <!-- pp.classone -->
    </test> <!-- Default test -->
  </suite> <!-- Default suite -->
</testng-results>
