<?xml version="1.0" encoding="UTF-8"?>
<testng-results ignored="0" total="1" passed="1" failed="0" skipped="0">
  <reporter-output>
  </reporter-output>
  <suite started-at="2020-10-04T10:06:40 IST" name="Default suite" finished-at="2020-10-04T10:06:40 IST" duration-ms="52">
    <groups>
    </groups>
    <test started-at="2020-10-04T10:06:40 IST" name="Default test" finished-at="2020-10-04T10:06:40 IST" duration-ms="52">
      <class name="Packagetwo.classoneofpacktwo">
        <test-method signature="methodonectwopatwo()[pri:0, instance:Packagetwo.classoneofpacktwo@12d3a4e9]" started-at="2020-10-04T10:06:40 IST" name="methodonectwopatwo" finished-at="2020-10-04T10:06:40 IST" duration-ms="10" status="PASS">
          <reporter-output>
          </reporter-output>
        </test-method> <!-- methodonectwopatwo -->
      </class> <!-- Packagetwo.classoneofpacktwo -->
    </test> <!-- Default test -->
  </suite> <!-- Default suite -->
</testng-results>
