<?xml version="1.0" encoding="UTF-8"?>
<testng-results ignored="0" total="1" passed="1" failed="0" skipped="0">
  <reporter-output>
  </reporter-output>
  <suite started-at="2020-11-16T23:22:42 IST" name="packtwo.OneTest" finished-at="2020-11-16T23:22:42 IST" duration-ms="42">
    <groups>
    </groups>
    <test started-at="2020-11-16T23:22:42 IST" name="Command line test" finished-at="2020-11-16T23:22:42 IST" duration-ms="42">
      <class name="packtwo.OneTest">
        <test-method signature="happy()[pri:0, instance:packtwo.OneTest@7d70d1b1]" started-at="2020-11-16T23:22:42 IST" name="happy" finished-at="2020-11-16T23:22:42 IST" duration-ms="4" status="PASS">
          <reporter-output>
          </reporter-output>
        </test-method> <!-- happy -->
      </class> <!-- packtwo.OneTest -->
    </test> <!-- Command line test -->
  </suite> <!-- packtwo.OneTest -->
</testng-results>
