<?xml version="1.0" encoding="UTF-8"?>
<testng-results ignored="0" total="3" passed="3" failed="0" skipped="0">
  <reporter-output>
  </reporter-output>
  <suite started-at="2021-02-21T22:02:19 IST" name="Default suite" finished-at="2021-02-21T22:02:19 IST" duration-ms="67">
    <groups>
    </groups>
    <test started-at="2021-02-21T22:02:19 IST" name="Default test" finished-at="2021-02-21T22:02:19 IST" duration-ms="67">
      <class name="Datapac.Datapacclass">
        <test-method signature="meth3()[pri:-1, instance:Datapac.Datapacclass@60611244]" started-at="2021-02-21T22:02:19 IST" name="meth3" finished-at="2021-02-21T22:02:19 IST" duration-ms="11" status="PASS">
          <reporter-output>
          </reporter-output>
        </test-method> <!-- meth3 -->
        <test-method signature="meth()[pri:0, instance:Datapac.Datapacclass@60611244]" started-at="2021-02-21T22:02:19 IST" name="meth" finished-at="2021-02-21T22:02:19 IST" duration-ms="1" status="PASS">
          <reporter-output>
          </reporter-output>
        </test-method> <!-- meth -->
        <test-method signature="meth2()[pri:1, instance:Datapac.Datapacclass@60611244]" started-at="2021-02-21T22:02:19 IST" name="meth2" finished-at="2021-02-21T22:02:19 IST" duration-ms="1" status="PASS">
          <reporter-output>
          </reporter-output>
        </test-method> <!-- meth2 -->
      </class> <!-- Datapac.Datapacclass -->
    </test> <!-- Default test -->
  </suite> <!-- Default suite -->
</testng-results>
