<?xml version="1.0" encoding="UTF-8"?>
<!-- Generated by org.testng.reporters.JUnitXMLReporter -->
<testsuite ignored="0" hostname="arjuntyagi-pc" failures="0" tests="3" name="Default test" time="0.067" errors="0" timestamp="2021-02-21T22:02:19 IST">
  <testcase classname="Datapac.Datapacclass" name="meth3" time="0.011"/>
  <testcase classname="Datapac.Datapacclass" name="meth" time="0.001"/>
  <testcase classname="Datapac.Datapacclass" name="meth2" time="0.001"/>
</testsuite> <!-- Default test -->
